<?xml version="1.0" encoding="UTF-8"?>
<testng-results ignored="0" total="2" passed="2" failed="0" skipped="0">
  <reporter-output>
  </reporter-output>
  <suite started-at="2021-12-31T18:51:49 BDT" name="Suite" finished-at="2021-12-31T18:52:06 BDT" duration-ms="16912">
    <groups>
    </groups>
    <test started-at="2021-12-31T18:51:49 BDT" name="Test" finished-at="2021-12-31T18:52:06 BDT" duration-ms="16912">
      <class name="BongoBd.SqaCodeTest.PlayFreeContent">
        <test-method signature="findcontent()[pri:0, instance:BongoBd.SqaCodeTest.PlayFreeContent@32ee6fee]" started-at="2021-12-31T18:51:49 BDT" name="findcontent" finished-at="2021-12-31T18:52:06 BDT" duration-ms="16816" status="PASS">
          <reporter-output>
          </reporter-output>
        </test-method> <!-- findcontent -->
      </class> <!-- BongoBd.SqaCodeTest.PlayFreeContent -->
      <class name="BongoBd.SqaCodeTest.AppTest">
        <test-method signature="shouldAnswerWithTrue()[pri:0, instance:BongoBd.SqaCodeTest.AppTest@429bffaa]" started-at="2021-12-31T18:51:49 BDT" name="shouldAnswerWithTrue" finished-at="2021-12-31T18:51:49 BDT" duration-ms="16" status="PASS">
          <reporter-output>
          </reporter-output>
        </test-method> <!-- shouldAnswerWithTrue -->
      </class> <!-- BongoBd.SqaCodeTest.AppTest -->
    </test> <!-- Test -->
  </suite> <!-- Suite -->
</testng-results>
